
[                       0%                       ][                       0%                       ][**********************60%****                   ]  3 of 5 completed[**********************60%****                   ]  3 of 5 completed[*********************100%***********************]  5 of 5 completed
RUN TIME: 2026-04-09 06:00:05.051553

========== EORENDA LIVE SIGNAL ==========
{'timestamp': datetime.datetime(2026, 4, 9, 6, 0, 5, 684504), 'ticker': 'XLK', 'action': 'BUY', 'weight': 0.4005}
{'timestamp': datetime.datetime(2026, 4, 9, 6, 0, 5, 684536), 'ticker': 'QQQ', 'action': 'BUY', 'weight': 0.3301}
{'timestamp': datetime.datetime(2026, 4, 9, 6, 0, 5, 684541), 'ticker': 'DIA', 'action': 'BUY', 'weight': 0.2694}
========================================


========== EXECUTION ENGINE ==========
RUN TIME: 2026-04-09 06:01:02.283939
ORDER ACCEPTED XLK | Qty: 2 | Price: ~141.6 | Status: PreSubmitted
Skipping QQQ (size too small)
Skipping DIA (size too small)
=====================================

[main 2843ee2] AUTO LOG 2026-04-09
 7 files changed, 26 insertions(+), 11 deletions(-)
 create mode 100644 .DS_Store
failed to store: -61
To https://github.com/eorendal/eorenda-track-record.git
   873b425..2843ee2  main -> main
[                       0%                       ][*******************   40%                       ]  2 of 5 completed[**********************60%****                   ]  3 of 5 completed[**********************80%*************          ]  4 of 5 completed[*********************100%***********************]  5 of 5 completed
RUN TIME: 2026-04-09 21:01:17.783886

========== EORENDA LIVE SIGNAL ==========
{'timestamp': datetime.datetime(2026, 4, 9, 21, 1, 22, 216764), 'ticker': 'XLK', 'action': 'BUY', 'weight': 0.4005}
{'timestamp': datetime.datetime(2026, 4, 9, 21, 1, 22, 216804), 'ticker': 'QQQ', 'action': 'BUY', 'weight': 0.3301}
{'timestamp': datetime.datetime(2026, 4, 9, 21, 1, 22, 216807), 'ticker': 'DIA', 'action': 'BUY', 'weight': 0.2694}
========================================


========== EXECUTION ENGINE ==========
RUN TIME: 2026-04-09 21:01:23.938298
Already executed today. Skipping.
[main d2ae749] AUTO LOG 2026-04-09
 2 files changed, 22 insertions(+), 3 deletions(-)
failed to store: -61
To https://github.com/eorendal/eorenda-track-record.git
   2843ee2..d2ae749  main -> main
[                       0%                       ][*******************   40%                       ]  2 of 5 completed[*******************   40%                       ]  2 of 5 completed[*******************   40%                       ]  2 of 5 completed[*********************100%***********************]  5 of 5 completed
RUN TIME: 2026-04-09 21:30:02.155715

========== EORENDA LIVE SIGNAL ==========
{'timestamp': datetime.datetime(2026, 4, 9, 21, 30, 2, 989187), 'ticker': 'XLK', 'action': 'BUY', 'weight': 0.4005}
{'timestamp': datetime.datetime(2026, 4, 9, 21, 30, 2, 989207), 'ticker': 'QQQ', 'action': 'BUY', 'weight': 0.3301}
{'timestamp': datetime.datetime(2026, 4, 9, 21, 30, 2, 989211), 'ticker': 'DIA', 'action': 'BUY', 'weight': 0.2694}
========================================


========== EXECUTION ENGINE ==========
RUN TIME: 2026-04-09 21:31:01.536429
Already executed today. Skipping.
[main 26f2d38] AUTO LOG 2026-04-09
 2 files changed, 21 insertions(+), 3 deletions(-)
failed to store: -61
To https://github.com/eorendal/eorenda-track-record.git
   d2ae749..26f2d38  main -> main
[                       0%                       ][                       0%                       ][                       0%                       ][                       0%                       ][*********************100%***********************]  5 of 5 completed
RUN TIME: 2026-04-10 04:50:03.601412

========== EORENDA LIVE SIGNAL ==========
{'timestamp': datetime.datetime(2026, 4, 10, 4, 50, 4, 185954), 'ticker': 'XLK', 'action': 'BUY', 'weight': 1.0}
========================================


========== EXECUTION ENGINE ==========
RUN TIME: 2026-04-10 04:51:01.487076
ORDER ACCEPTED XLK | Qty: 2 | Price: ~142.02 | Status: PreSubmitted
=====================================

